<?xml version="1.0" encoding="UTF-8"?>
<!-- Generated by org.testng.reporters.JUnitXMLReporter -->
<testsuite ignored="0" hostname="LTIN707634" failures="3" tests="3" name="CategoryExtraction" time="69.25" errors="0" timestamp="2026-07-22T11:00:57 IST">
  <testcase classname="tests.CategoryExtractionTest" name="extractCategoryCatalog" time="7.019">
    <failure type="java.lang.AssertionError" message="No Languages Found expected [true] but found [false]">
      <![CDATA[java.lang.AssertionError: No Languages Found expected [true] but found [false]
at tests.CategoryExtractionTest.extractCategoryCatalog(CategoryExtractionTest.java:86)
at java.base/java.util.ArrayList.forEach(ArrayList.java:1596)
... Removed 28 stack frames]]>
    </failure>
  </testcase> <!-- extractCategoryCatalog -->
  <testcase classname="tests.CategoryExtractionTest" name="extractCategoryCatalog" time="7.007">
    <failure type="java.lang.AssertionError" message="No Languages Found expected [true] but found [false]">
      <![CDATA[java.lang.AssertionError: No Languages Found expected [true] but found [false]
at tests.CategoryExtractionTest.extractCategoryCatalog(CategoryExtractionTest.java:86)
at java.base/java.util.ArrayList.forEach(ArrayList.java:1596)
... Removed 28 stack frames]]>
    </failure>
  </testcase> <!-- extractCategoryCatalog -->
  <testcase classname="tests.CategoryExtractionTest" name="extractCategoryCatalog" time="7.213">
    <failure type="java.lang.AssertionError" message="No Languages Found expected [true] but found [false]">
      <![CDATA[java.lang.AssertionError: No Languages Found expected [true] but found [false]
at tests.CategoryExtractionTest.extractCategoryCatalog(CategoryExtractionTest.java:86)
at java.base/java.util.ArrayList.forEach(ArrayList.java:1596)
... Removed 28 stack frames]]>
    </failure>
  </testcase> <!-- extractCategoryCatalog -->
</testsuite> <!-- CategoryExtraction -->
