<?xml version="1.0" encoding="UTF-8"?>
<!-- Generated by org.testng.reporters.JUnitXMLReporter -->
<testsuite ignored="0" hostname="LTIN707634" failures="0" tests="3" name="AlisonUserJourney" time="276.33" errors="0" timestamp="2026-07-29T16:06:08 IST">
  <testcase classname="tests.AlisonUserJourneyTest" name="completeJourney" time="58.161"/>
  <testcase classname="tests.AlisonUserJourneyTest" name="completeJourney" time="89.526"/>
  <testcase classname="tests.AlisonUserJourneyTest" name="completeJourney" time="64.829"/>
</testsuite> <!-- AlisonUserJourney -->
