<?xml version="1.0" encoding="UTF-8"?>
<!-- Generated by org.testng.reporters.JUnitXMLReporter -->
<testsuite ignored="0" hostname="LTIN707634" failures="0" tests="3" name="CategoryExtraction" time="105.024" errors="0" timestamp="2026-07-22T12:10:33 IST">
  <testcase classname="tests.CategoryExtractionTest" name="extractCategoryCatalog" time="13.543"/>
  <testcase classname="tests.CategoryExtractionTest" name="extractCategoryCatalog" time="13.078"/>
  <testcase classname="tests.CategoryExtractionTest" name="extractCategoryCatalog" time="11.906"/>
</testsuite> <!-- CategoryExtraction -->
