<?xml version="1.0" encoding="UTF-8"?>
<testng-results ignored="0" total="3" passed="3" failed="0" skipped="0">
  <reporter-output>
  </reporter-output>
  <suite started-at="2026-07-23T16:54:50 IST" name="AlisonAutomationSuite" finished-at="2026-07-23T17:00:54 IST" duration-ms="364333">
    <groups>
    </groups>
    <test started-at="2026-07-23T16:54:50 IST" name="AlisonUserJourney" finished-at="2026-07-23T17:00:54 IST" duration-ms="364333">
      <class name="tests.AlisonUserJourneyTest">
        <test-method is-config="true" signature="setUp()[pri:0, instance:tests.AlisonUserJourneyTest@1573f9fc]" started-at="2026-07-23T16:54:51 IST" name="setUp" finished-at="2026-07-23T16:55:08 IST" duration-ms="17023" status="PASS">
          <reporter-output>
          </reporter-output>
        </test-method> <!-- setUp -->
        <test-method signature="completeJourney(java.lang.String,java.lang.String,java.lang.String,java.lang.String,java.lang.String,java.lang.String,java.lang.String,java.lang.String,java.lang.String,java.lang.String,java.lang.String,java.lang.String,java.lang.String,java.lang.String,java.lang.String,java.lang.String)[pri:0, instance:tests.AlisonUserJourneyTest@1573f9fc]" started-at="2026-07-23T16:55:08 IST" name="completeJourney" description="Complete Alison User Journey" data-provider="journeyData" finished-at="2026-07-23T16:56:41 IST" duration-ms="93206" status="PASS">
          <params>
            <param index="0">
              <value>
                <![CDATA[TC_01]]>
              </value>
            </param>
            <param index="1">
              <value>
                <![CDATA[web development]]>
              </value>
            </param>
            <param index="2">
              <value>
                <![CDATA[Beginner]]>
              </value>
            </param>
            <param index="3">
              <value>
                <![CDATA[English]]>
              </value>
            </param>
            <param index="4">
              <value>
                <![CDATA[Aisha]]>
              </value>
            </param>
            <param index="5">
              <value>
                <![CDATA[Khanna]]>
              </value>
            </param>
            <param index="6">
              <value>
                <![CDATA[aisha.khanna@@test.com]]>
              </value>
            </param>
            <param index="7">
              <value>
                <![CDATA[Executive Management]]>
              </value>
            </param>
            <param index="8">
              <value>
                <![CDATA[LMS+]]>
              </value>
            </param>
            <param index="9">
              <value>
                <![CDATA[Healthcare & Medical]]>
              </value>
            </param>
            <param index="10">
              <value>
                <![CDATA[Cognizant]]>
              </value>
            </param>
            <param index="11">
              <value>
                <![CDATA[Large Enterprise]]>
              </value>
            </param>
            <param index="12">
              <value>
                <![CDATA[201 - 500]]>
              </value>
            </param>
            <param index="13">
              <value>
                <![CDATA[Algeria]]>
              </value>
            </param>
            <param index="14">
              <value>
                <![CDATA[Need LMS platform for employee onboarding and compliance training.]]>
              </value>
            </param>
            <param index="15">
              <value>
                <![CDATA[aisha.khanna@techsolutions.com]]>
              </value>
            </param>
          </params>
          <reporter-output>
          </reporter-output>
        </test-method> <!-- completeJourney -->
        <test-method is-config="true" signature="tearDown()[pri:0, instance:tests.AlisonUserJourneyTest@1573f9fc]" started-at="2026-07-23T16:56:41 IST" name="tearDown" finished-at="2026-07-23T16:56:51 IST" duration-ms="9744" status="PASS">
          <reporter-output>
          </reporter-output>
        </test-method> <!-- tearDown -->
        <test-method is-config="true" signature="setUp()[pri:0, instance:tests.AlisonUserJourneyTest@1573f9fc]" started-at="2026-07-23T16:56:51 IST" name="setUp" finished-at="2026-07-23T16:57:07 IST" duration-ms="16574" status="PASS">
          <reporter-output>
          </reporter-output>
        </test-method> <!-- setUp -->
        <test-method signature="completeJourney(java.lang.String,java.lang.String,java.lang.String,java.lang.String,java.lang.String,java.lang.String,java.lang.String,java.lang.String,java.lang.String,java.lang.String,java.lang.String,java.lang.String,java.lang.String,java.lang.String,java.lang.String,java.lang.String)[pri:0, instance:tests.AlisonUserJourneyTest@1573f9fc]" started-at="2026-07-23T16:57:07 IST" name="completeJourney" description="Complete Alison User Journey" data-provider="journeyData" finished-at="2026-07-23T16:58:40 IST" duration-ms="92235" status="PASS">
          <params>
            <param index="0">
              <value>
                <![CDATA[TC_02]]>
              </value>
            </param>
            <param index="1">
              <value>
                <![CDATA[python programming]]>
              </value>
            </param>
            <param index="2">
              <value>
                <![CDATA[Advanced]]>
              </value>
            </param>
            <param index="3">
              <value>
                <![CDATA[English]]>
              </value>
            </param>
            <param index="4">
              <value>
                <![CDATA[Rohan]]>
              </value>
            </param>
            <param index="5">
              <value>
                <![CDATA[Verma]]>
              </value>
            </param>
            <param index="6">
              <value>
                <![CDATA[rohanvermaatgmail.com]]>
              </value>
            </param>
            <param index="7">
              <value>
                <![CDATA[Human Resources (HR)]]>
              </value>
            </param>
            <param index="8">
              <value>
                <![CDATA[Free LMS]]>
              </value>
            </param>
            <param index="9">
              <value>
                <![CDATA[Education & Training]]>
              </value>
            </param>
            <param index="10">
              <value>
                <![CDATA[Zero Gravity]]>
              </value>
            </param>
            <param index="11">
              <value>
                <![CDATA[NGO]]>
              </value>
            </param>
            <param index="12">
              <value>
                <![CDATA[51 - 100]]>
              </value>
            </param>
            <param index="13">
              <value>
                <![CDATA[India]]>
              </value>
            </param>
            <param index="14">
              <value>
                <![CDATA[Need technical upskilling platform for software engineers.]]>
              </value>
            </param>
            <param index="15">
              <value>
                <![CDATA[rohanverma@globallearning.com]]>
              </value>
            </param>
          </params>
          <reporter-output>
          </reporter-output>
        </test-method> <!-- completeJourney -->
        <test-method is-config="true" signature="tearDown()[pri:0, instance:tests.AlisonUserJourneyTest@1573f9fc]" started-at="2026-07-23T16:58:40 IST" name="tearDown" finished-at="2026-07-23T16:58:49 IST" duration-ms="9356" status="PASS">
          <reporter-output>
          </reporter-output>
        </test-method> <!-- tearDown -->
        <test-method is-config="true" signature="setUp()[pri:0, instance:tests.AlisonUserJourneyTest@1573f9fc]" started-at="2026-07-23T16:58:49 IST" name="setUp" finished-at="2026-07-23T16:59:07 IST" duration-ms="17745" status="PASS">
          <reporter-output>
          </reporter-output>
        </test-method> <!-- setUp -->
        <test-method signature="completeJourney(java.lang.String,java.lang.String,java.lang.String,java.lang.String,java.lang.String,java.lang.String,java.lang.String,java.lang.String,java.lang.String,java.lang.String,java.lang.String,java.lang.String,java.lang.String,java.lang.String,java.lang.String,java.lang.String)[pri:0, instance:tests.AlisonUserJourneyTest@1573f9fc]" started-at="2026-07-23T16:59:07 IST" name="completeJourney" description="Complete Alison User Journey" data-provider="journeyData" finished-at="2026-07-23T17:00:42 IST" duration-ms="95424" status="PASS">
          <params>
            <param index="0">
              <value>
                <![CDATA[TC_03]]>
              </value>
            </param>
            <param index="1">
              <value>
                <![CDATA[data science]]>
              </value>
            </param>
            <param index="2">
              <value>
                <![CDATA[Intermediate]]>
              </value>
            </param>
            <param index="3">
              <value>
                <![CDATA[English]]>
              </value>
            </param>
            <param index="4">
              <value>
                <![CDATA[Neha]]>
              </value>
            </param>
            <param index="5">
              <value>
                <![CDATA[Sharma]]>
              </value>
            </param>
            <param index="6">
              <value>
                <![CDATA[neha.sharma@nodomain]]>
              </value>
            </param>
            <param index="7">
              <value>
                <![CDATA[Sales]]>
              </value>
            </param>
            <param index="8">
              <value>
                <![CDATA[API]]>
              </value>
            </param>
            <param index="9">
              <value>
                <![CDATA[Manufacturing & Engineering]]>
              </value>
            </param>
            <param index="10">
              <value>
                <![CDATA[BHEL]]>
              </value>
            </param>
            <param index="11">
              <value>
                <![CDATA[Government]]>
              </value>
            </param>
            <param index="12">
              <value>
                <![CDATA[501 - 1,000]]>
              </value>
            </param>
            <param index="13">
              <value>
                <![CDATA[Singapore]]>
              </value>
            </param>
            <param index="14">
              <value>
                <![CDATA[Need analytics and AI learning program for workforce development.]]>
              </value>
            </param>
            <param index="15">
              <value>
                <![CDATA[neha.sharma@acmecorp.com]]>
              </value>
            </param>
          </params>
          <reporter-output>
          </reporter-output>
        </test-method> <!-- completeJourney -->
        <test-method is-config="true" signature="tearDown()[pri:0, instance:tests.AlisonUserJourneyTest@1573f9fc]" started-at="2026-07-23T17:00:42 IST" name="tearDown" finished-at="2026-07-23T17:00:54 IST" duration-ms="11436" status="PASS">
          <reporter-output>
          </reporter-output>
        </test-method> <!-- tearDown -->
      </class> <!-- tests.AlisonUserJourneyTest -->
    </test> <!-- AlisonUserJourney -->
  </suite> <!-- AlisonAutomationSuite -->
</testng-results>
