<?xml version="1.0" encoding="UTF-8"?>
<testng-results ignored="0" total="3" passed="0" failed="3" skipped="0">
  <reporter-output>
  </reporter-output>
  <suite started-at="2026-07-23T14:23:04 IST" name="AlisonAutomationSuite" finished-at="2026-07-23T14:27:12 IST" duration-ms="247296">
    <groups>
    </groups>
    <test started-at="2026-07-23T14:23:04 IST" name="AlisonUserJourney" finished-at="2026-07-23T14:27:12 IST" duration-ms="247296">
      <class name="tests.AlisonUserJourneyTest">
        <test-method is-config="true" signature="setUp()[pri:0, instance:tests.AlisonUserJourneyTest@1573f9fc]" started-at="2026-07-23T14:23:05 IST" name="setUp" finished-at="2026-07-23T14:23:22 IST" duration-ms="17115" status="PASS">
          <reporter-output>
          </reporter-output>
        </test-method> <!-- setUp -->
        <test-method signature="completeJourney(java.lang.String,java.lang.String,java.lang.String,java.lang.String,java.lang.String,java.lang.String,java.lang.String,java.lang.String,java.lang.String,java.lang.String,java.lang.String,java.lang.String,java.lang.String,java.lang.String,java.lang.String)[pri:0, instance:tests.AlisonUserJourneyTest@1573f9fc]" started-at="2026-07-23T14:23:22 IST" name="completeJourney" description="Complete Alison User Journey" data-provider="journeyData" finished-at="2026-07-23T14:24:51 IST" duration-ms="88664" status="FAIL">
          <params>
            <param index="0">
              <value>
                <![CDATA[TC_01]]>
              </value>
            </param>
            <param index="1">
              <value>
                <![CDATA[web development]]>
              </value>
            </param>
            <param index="2">
              <value>
                <![CDATA[Beginner]]>
              </value>
            </param>
            <param index="3">
              <value>
                <![CDATA[English]]>
              </value>
            </param>
            <param index="4">
              <value>
                <![CDATA[Aisha]]>
              </value>
            </param>
            <param index="5">
              <value>
                <![CDATA[Khan]]>
              </value>
            </param>
            <param index="6">
              <value>
                <![CDATA[aisha.khan@@test.com]]>
              </value>
            </param>
            <param index="7">
              <value>
                <![CDATA[Executive Management]]>
              </value>
            </param>
            <param index="8">
              <value>
                <![CDATA[LMS+]]>
              </value>
            </param>
            <param index="9">
              <value>
                <![CDATA[Healthcare & Medical]]>
              </value>
            </param>
            <param index="10">
              <value>
                <![CDATA[Cognizant]]>
              </value>
            </param>
            <param index="11">
              <value>
                <![CDATA[Large Enterprise]]>
              </value>
            </param>
            <param index="12">
              <value>
                <![CDATA[201 - 500]]>
              </value>
            </param>
            <param index="13">
              <value>
                <![CDATA[Algeria]]>
              </value>
            </param>
            <param index="14">
              <value>
                <![CDATA[Need LMS platform for employee onboarding and compliance training.]]>
              </value>
            </param>
          </params>
          <exception class="org.openqa.selenium.TimeoutException">
            <message>
              <![CDATA[Expected condition failed: waiting for element to be clickable: By.xpath: //button[@class="apply-now-button alison-button alison-button-lg alison-accent-hover w-full mdc-button mdc-button--unelevated mat-mdc-unelevated-button mat-primary mat-mdc-button-base"] (tried for 20 second(s) with 500 milliseconds interval)
Build info: version: '4.21.0', revision: '79ed462ef4'
System info: os.name: 'Windows 11', os.arch: 'amd64', os.version: '10.0', java.version: '21.0.10'
Driver info: org.openqa.selenium.chrome.ChromeDriver
Capabilities {acceptInsecureCerts: false, browserName: chrome, browserVersion: 150.0.7871.47, chrome: {chromedriverVersion: 150.0.7871.124 (9261fd0a595..., userDataDir: C:\Users\2506400\AppData\Lo...}, fedcm:accounts: true, goog:chromeOptions: {debuggerAddress: localhost:58676}, goog:processID: 14332, networkConnectionEnabled: false, pageLoadStrategy: normal, platformName: windows, proxy: Proxy(), se:cdp: ws://localhost:58676/devtoo..., se:cdpVersion: 150.0.7871.47, setWindowRect: true, strictFileInteractability: false, timeouts: {implicit: 0, pageLoad: 300000, script: 30000}, unhandledPromptBehavior: dismiss and notify, webauthn:extension:credBlob: true, webauthn:extension:largeBlob: true, webauthn:extension:minPinLength: true, webauthn:extension:prf: true, webauthn:virtualAuthenticators: true}
Session ID: c5de9f8342c60688ecef89e2ce4b520c]]>
            </message>
            <full-stacktrace>
              <![CDATA[org.openqa.selenium.TimeoutException: Expected condition failed: waiting for element to be clickable: By.xpath: //button[@class="apply-now-button alison-button alison-button-lg alison-accent-hover w-full mdc-button mdc-button--unelevated mat-mdc-unelevated-button mat-primary mat-mdc-button-base"] (tried for 20 second(s) with 500 milliseconds interval)
Build info: version: '4.21.0', revision: '79ed462ef4'
System info: os.name: 'Windows 11', os.arch: 'amd64', os.version: '10.0', java.version: '21.0.10'
Driver info: org.openqa.selenium.chrome.ChromeDriver
Capabilities {acceptInsecureCerts: false, browserName: chrome, browserVersion: 150.0.7871.47, chrome: {chromedriverVersion: 150.0.7871.124 (9261fd0a595..., userDataDir: C:\Users\2506400\AppData\Lo...}, fedcm:accounts: true, goog:chromeOptions: {debuggerAddress: localhost:58676}, goog:processID: 14332, networkConnectionEnabled: false, pageLoadStrategy: normal, platformName: windows, proxy: Proxy(), se:cdp: ws://localhost:58676/devtoo..., se:cdpVersion: 150.0.7871.47, setWindowRect: true, strictFileInteractability: false, timeouts: {implicit: 0, pageLoad: 300000, script: 30000}, unhandledPromptBehavior: dismiss and notify, webauthn:extension:credBlob: true, webauthn:extension:largeBlob: true, webauthn:extension:minPinLength: true, webauthn:extension:prf: true, webauthn:virtualAuthenticators: true}
Session ID: c5de9f8342c60688ecef89e2ce4b520c
at org.openqa.selenium.support.ui.WebDriverWait.timeoutException(WebDriverWait.java:84)
at org.openqa.selenium.support.ui.FluentWait.until(FluentWait.java:228)
at utils.WaitUtils.waitForClickability(WaitUtils.java:24)
at pages.BusinessFormPage.submitForm(BusinessFormPage.java:212)
at tests.AlisonUserJourneyTest.completeJourney(AlisonUserJourneyTest.java:211)
at java.base/jdk.internal.reflect.DirectMethodHandleAccessor.invoke(DirectMethodHandleAccessor.java:103)
at java.base/java.lang.reflect.Method.invoke(Method.java:580)
at org.testng.internal.invokers.MethodInvocationHelper.invokeMethod(MethodInvocationHelper.java:141)
at org.testng.internal.invokers.TestInvoker.invokeMethod(TestInvoker.java:687)
at org.testng.internal.invokers.TestInvoker.invokeTestMethod(TestInvoker.java:230)
at org.testng.internal.invokers.MethodRunner.runInSequence(MethodRunner.java:63)
at org.testng.internal.invokers.TestInvoker$MethodInvocationAgent.invoke(TestInvoker.java:995)
at org.testng.internal.invokers.TestInvoker.invokeTestMethods(TestInvoker.java:203)
at org.testng.internal.invokers.TestMethodWorker.invokeTestMethods(TestMethodWorker.java:154)
at org.testng.internal.invokers.TestMethodWorker.run(TestMethodWorker.java:134)
at java.base/java.util.ArrayList.forEach(ArrayList.java:1596)
at org.testng.TestRunner.privateRun(TestRunner.java:741)
at org.testng.TestRunner.run(TestRunner.java:616)
at org.testng.SuiteRunner.runTest(SuiteRunner.java:421)
at org.testng.SuiteRunner.runSequentially(SuiteRunner.java:413)
at org.testng.SuiteRunner.privateRun(SuiteRunner.java:373)
at org.testng.SuiteRunner.run(SuiteRunner.java:312)
at org.testng.SuiteRunnerWorker.runSuite(SuiteRunnerWorker.java:52)
at org.testng.SuiteRunnerWorker.run(SuiteRunnerWorker.java:95)
at org.testng.TestNG.runSuitesSequentially(TestNG.java:1274)
at org.testng.TestNG.runSuitesLocally(TestNG.java:1208)
at org.testng.TestNG.runSuites(TestNG.java:1112)
at org.testng.TestNG.run(TestNG.java:1079)
at org.testng.remote.AbstractRemoteTestNG.run(AbstractRemoteTestNG.java:115)
at org.testng.remote.RemoteTestNG.initAndRun(RemoteTestNG.java:293)
at org.testng.remote.RemoteTestNG.main(RemoteTestNG.java:91)
]]>
            </full-stacktrace>
          </exception> <!-- org.openqa.selenium.TimeoutException -->
          <reporter-output>
          </reporter-output>
        </test-method> <!-- completeJourney -->
        <test-method is-config="true" signature="tearDown()[pri:0, instance:tests.AlisonUserJourneyTest@1573f9fc]" started-at="2026-07-23T14:24:51 IST" name="tearDown" finished-at="2026-07-23T14:25:00 IST" duration-ms="8306" status="PASS">
          <reporter-output>
          </reporter-output>
        </test-method> <!-- tearDown -->
        <test-method is-config="true" signature="setUp()[pri:0, instance:tests.AlisonUserJourneyTest@1573f9fc]" started-at="2026-07-23T14:25:00 IST" name="setUp" finished-at="2026-07-23T14:25:16 IST" duration-ms="16460" status="PASS">
          <reporter-output>
          </reporter-output>
        </test-method> <!-- setUp -->
        <test-method signature="completeJourney(java.lang.String,java.lang.String,java.lang.String,java.lang.String,java.lang.String,java.lang.String,java.lang.String,java.lang.String,java.lang.String,java.lang.String,java.lang.String,java.lang.String,java.lang.String,java.lang.String,java.lang.String)[pri:0, instance:tests.AlisonUserJourneyTest@1573f9fc]" started-at="2026-07-23T14:25:16 IST" name="completeJourney" description="Complete Alison User Journey" data-provider="journeyData" finished-at="2026-07-23T14:25:30 IST" duration-ms="13513" status="FAIL">
          <params>
            <param index="0">
              <value>
                <![CDATA[TC_02]]>
              </value>
            </param>
            <param index="1">
              <value>
                <![CDATA[python programming]]>
              </value>
            </param>
            <param index="2">
              <value>
                <![CDATA[Advanced]]>
              </value>
            </param>
            <param index="3">
              <value>
                <![CDATA[English]]>
              </value>
            </param>
            <param index="4">
              <value>
                <![CDATA[Rohan]]>
              </value>
            </param>
            <param index="5">
              <value>
                <![CDATA[Verma]]>
              </value>
            </param>
            <param index="6">
              <value>
                <![CDATA[rohanvermaatgmail.com]]>
              </value>
            </param>
            <param index="7">
              <value>
                <![CDATA[Human Resources (HR)]]>
              </value>
            </param>
            <param index="8">
              <value>
                <![CDATA[Free LMS]]>
              </value>
            </param>
            <param index="9">
              <value>
                <![CDATA[Education & Training]]>
              </value>
            </param>
            <param index="10">
              <value>
                <![CDATA[Zero Gravity]]>
              </value>
            </param>
            <param index="11">
              <value>
                <![CDATA[NGO]]>
              </value>
            </param>
            <param index="12">
              <value>
                <![CDATA[51 - 100]]>
              </value>
            </param>
            <param index="13">
              <value>
                <![CDATA[India]]>
              </value>
            </param>
            <param index="14">
              <value>
                <![CDATA[Need technical upskilling platform for software engineers.]]>
              </value>
            </param>
          </params>
          <exception class="org.openqa.selenium.StaleElementReferenceException">
            <message>
              <![CDATA[stale element reference: stale element not found in the current frame
  (Session info: chrome=150.0.7871.47)
For documentation on this error, please visit: https://www.selenium.dev/documentation/webdriver/troubleshooting/errors#stale-element-reference-exception
Build info: version: '4.21.0', revision: '79ed462ef4'
System info: os.name: 'Windows 11', os.arch: 'amd64', os.version: '10.0', java.version: '21.0.10'
Driver info: org.openqa.selenium.chrome.ChromeDriver
Command: [5ad66b5596217a5c55bc49a59d5f551c, executeScript {args=[{element-6066-11e4-a52e-4f735466cecf=f.078D0FD9682627A701783C4582E7DD63.d.2909926FA9B8346928C5C767A47B0CE3.e.1716}], script=arguments[0].click();}]
Capabilities {acceptInsecureCerts: false, browserName: chrome, browserVersion: 150.0.7871.47, chrome: {chromedriverVersion: 150.0.7871.124 (9261fd0a595..., userDataDir: C:\Users\2506400\AppData\Lo...}, fedcm:accounts: true, goog:chromeOptions: {debuggerAddress: localhost:65152}, goog:processID: 5720, networkConnectionEnabled: false, pageLoadStrategy: normal, platformName: windows, proxy: Proxy(), se:cdp: ws://localhost:65152/devtoo..., se:cdpVersion: 150.0.7871.47, setWindowRect: true, strictFileInteractability: false, timeouts: {implicit: 0, pageLoad: 300000, script: 30000}, unhandledPromptBehavior: dismiss and notify, webauthn:extension:credBlob: true, webauthn:extension:largeBlob: true, webauthn:extension:minPinLength: true, webauthn:extension:prf: true, webauthn:virtualAuthenticators: true}
Session ID: 5ad66b5596217a5c55bc49a59d5f551c]]>
            </message>
            <full-stacktrace>
              <![CDATA[org.openqa.selenium.StaleElementReferenceException: stale element reference: stale element not found in the current frame
  (Session info: chrome=150.0.7871.47)
For documentation on this error, please visit: https://www.selenium.dev/documentation/webdriver/troubleshooting/errors#stale-element-reference-exception
Build info: version: '4.21.0', revision: '79ed462ef4'
System info: os.name: 'Windows 11', os.arch: 'amd64', os.version: '10.0', java.version: '21.0.10'
Driver info: org.openqa.selenium.chrome.ChromeDriver
Command: [5ad66b5596217a5c55bc49a59d5f551c, executeScript {args=[{element-6066-11e4-a52e-4f735466cecf=f.078D0FD9682627A701783C4582E7DD63.d.2909926FA9B8346928C5C767A47B0CE3.e.1716}], script=arguments[0].click();}]
Capabilities {acceptInsecureCerts: false, browserName: chrome, browserVersion: 150.0.7871.47, chrome: {chromedriverVersion: 150.0.7871.124 (9261fd0a595..., userDataDir: C:\Users\2506400\AppData\Lo...}, fedcm:accounts: true, goog:chromeOptions: {debuggerAddress: localhost:65152}, goog:processID: 5720, networkConnectionEnabled: false, pageLoadStrategy: normal, platformName: windows, proxy: Proxy(), se:cdp: ws://localhost:65152/devtoo..., se:cdpVersion: 150.0.7871.47, setWindowRect: true, strictFileInteractability: false, timeouts: {implicit: 0, pageLoad: 300000, script: 30000}, unhandledPromptBehavior: dismiss and notify, webauthn:extension:credBlob: true, webauthn:extension:largeBlob: true, webauthn:extension:minPinLength: true, webauthn:extension:prf: true, webauthn:virtualAuthenticators: true}
Session ID: 5ad66b5596217a5c55bc49a59d5f551c
at java.base/jdk.internal.reflect.DirectConstructorHandleAccessor.newInstance(DirectConstructorHandleAccessor.java:62)
at java.base/java.lang.reflect.Constructor.newInstanceWithCaller(Constructor.java:502)
at java.base/java.lang.reflect.Constructor.newInstance(Constructor.java:486)
at org.openqa.selenium.remote.ErrorCodec.decode(ErrorCodec.java:167)
at org.openqa.selenium.remote.codec.w3c.W3CHttpResponseCodec.decode(W3CHttpResponseCodec.java:138)
at org.openqa.selenium.remote.codec.w3c.W3CHttpResponseCodec.decode(W3CHttpResponseCodec.java:50)
at org.openqa.selenium.remote.HttpCommandExecutor.execute(HttpCommandExecutor.java:190)
at org.openqa.selenium.remote.service.DriverCommandExecutor.invokeExecute(DriverCommandExecutor.java:216)
at org.openqa.selenium.remote.service.DriverCommandExecutor.execute(DriverCommandExecutor.java:174)
at org.openqa.selenium.remote.RemoteWebDriver.execute(RemoteWebDriver.java:518)
at org.openqa.selenium.remote.RemoteWebDriver.executeScript(RemoteWebDriver.java:463)
at pages.SearchResultsPage.openFirstCourseDetails(SearchResultsPage.java:280)
at tests.AlisonUserJourneyTest.completeJourney(AlisonUserJourneyTest.java:124)
at java.base/jdk.internal.reflect.DirectMethodHandleAccessor.invoke(DirectMethodHandleAccessor.java:103)
at java.base/java.lang.reflect.Method.invoke(Method.java:580)
at org.testng.internal.invokers.MethodInvocationHelper.invokeMethod(MethodInvocationHelper.java:141)
at org.testng.internal.invokers.TestInvoker.invokeMethod(TestInvoker.java:687)
at org.testng.internal.invokers.TestInvoker.invokeTestMethod(TestInvoker.java:230)
at org.testng.internal.invokers.MethodRunner.runInSequence(MethodRunner.java:63)
at org.testng.internal.invokers.TestInvoker$MethodInvocationAgent.invoke(TestInvoker.java:995)
at org.testng.internal.invokers.TestInvoker.invokeTestMethods(TestInvoker.java:203)
at org.testng.internal.invokers.TestMethodWorker.invokeTestMethods(TestMethodWorker.java:154)
at org.testng.internal.invokers.TestMethodWorker.run(TestMethodWorker.java:134)
at java.base/java.util.ArrayList.forEach(ArrayList.java:1596)
at org.testng.TestRunner.privateRun(TestRunner.java:741)
at org.testng.TestRunner.run(TestRunner.java:616)
at org.testng.SuiteRunner.runTest(SuiteRunner.java:421)
at org.testng.SuiteRunner.runSequentially(SuiteRunner.java:413)
at org.testng.SuiteRunner.privateRun(SuiteRunner.java:373)
at org.testng.SuiteRunner.run(SuiteRunner.java:312)
at org.testng.SuiteRunnerWorker.runSuite(SuiteRunnerWorker.java:52)
at org.testng.SuiteRunnerWorker.run(SuiteRunnerWorker.java:95)
at org.testng.TestNG.runSuitesSequentially(TestNG.java:1274)
at org.testng.TestNG.runSuitesLocally(TestNG.java:1208)
at org.testng.TestNG.runSuites(TestNG.java:1112)
at org.testng.TestNG.run(TestNG.java:1079)
at org.testng.remote.AbstractRemoteTestNG.run(AbstractRemoteTestNG.java:115)
at org.testng.remote.RemoteTestNG.initAndRun(RemoteTestNG.java:293)
at org.testng.remote.RemoteTestNG.main(RemoteTestNG.java:91)
]]>
            </full-stacktrace>
          </exception> <!-- org.openqa.selenium.StaleElementReferenceException -->
          <reporter-output>
          </reporter-output>
        </test-method> <!-- completeJourney -->
        <test-method is-config="true" signature="tearDown()[pri:0, instance:tests.AlisonUserJourneyTest@1573f9fc]" started-at="2026-07-23T14:25:30 IST" name="tearDown" finished-at="2026-07-23T14:25:38 IST" duration-ms="7987" status="PASS">
          <reporter-output>
          </reporter-output>
        </test-method> <!-- tearDown -->
        <test-method is-config="true" signature="setUp()[pri:0, instance:tests.AlisonUserJourneyTest@1573f9fc]" started-at="2026-07-23T14:25:38 IST" name="setUp" finished-at="2026-07-23T14:25:55 IST" duration-ms="16973" status="PASS">
          <reporter-output>
          </reporter-output>
        </test-method> <!-- setUp -->
        <test-method signature="completeJourney(java.lang.String,java.lang.String,java.lang.String,java.lang.String,java.lang.String,java.lang.String,java.lang.String,java.lang.String,java.lang.String,java.lang.String,java.lang.String,java.lang.String,java.lang.String,java.lang.String,java.lang.String)[pri:0, instance:tests.AlisonUserJourneyTest@1573f9fc]" started-at="2026-07-23T14:25:55 IST" name="completeJourney" description="Complete Alison User Journey" data-provider="journeyData" finished-at="2026-07-23T14:27:03 IST" duration-ms="68130" status="FAIL">
          <params>
            <param index="0">
              <value>
                <![CDATA[TC_03]]>
              </value>
            </param>
            <param index="1">
              <value>
                <![CDATA[data science]]>
              </value>
            </param>
            <param index="2">
              <value>
                <![CDATA[Intermediate]]>
              </value>
            </param>
            <param index="3">
              <value>
                <![CDATA[English]]>
              </value>
            </param>
            <param index="4">
              <value>
                <![CDATA[Neha]]>
              </value>
            </param>
            <param index="5">
              <value>
                <![CDATA[Sharma]]>
              </value>
            </param>
            <param index="6">
              <value>
                <![CDATA[neha.sharma@nodomain]]>
              </value>
            </param>
            <param index="7">
              <value>
                <![CDATA[Sales]]>
              </value>
            </param>
            <param index="8">
              <value>
                <![CDATA[API]]>
              </value>
            </param>
            <param index="9">
              <value>
                <![CDATA[Manufacturing & Engineering]]>
              </value>
            </param>
            <param index="10">
              <value>
                <![CDATA[BHEL]]>
              </value>
            </param>
            <param index="11">
              <value>
                <![CDATA[Government]]>
              </value>
            </param>
            <param index="12">
              <value>
                <![CDATA[501 - 1,000]]>
              </value>
            </param>
            <param index="13">
              <value>
                <![CDATA[Singapore]]>
              </value>
            </param>
            <param index="14">
              <value>
                <![CDATA[Need analytics and AI learning program for workforce development.]]>
              </value>
            </param>
          </params>
          <exception class="java.lang.AssertionError">
            <message>
              <![CDATA[Expected validation message expected [false] but found [true]]]>
            </message>
            <full-stacktrace>
              <![CDATA[java.lang.AssertionError: Expected validation message expected [false] but found [true]
at org.testng.Assert.fail(Assert.java:111)
at org.testng.Assert.failNotEquals(Assert.java:1590)
at org.testng.Assert.assertFalse(Assert.java:79)
at tests.AlisonUserJourneyTest.completeJourney(AlisonUserJourneyTest.java:228)
at java.base/jdk.internal.reflect.DirectMethodHandleAccessor.invoke(DirectMethodHandleAccessor.java:103)
at java.base/java.lang.reflect.Method.invoke(Method.java:580)
at org.testng.internal.invokers.MethodInvocationHelper.invokeMethod(MethodInvocationHelper.java:141)
at org.testng.internal.invokers.TestInvoker.invokeMethod(TestInvoker.java:687)
at org.testng.internal.invokers.TestInvoker.invokeTestMethod(TestInvoker.java:230)
at org.testng.internal.invokers.MethodRunner.runInSequence(MethodRunner.java:63)
at org.testng.internal.invokers.TestInvoker$MethodInvocationAgent.invoke(TestInvoker.java:995)
at org.testng.internal.invokers.TestInvoker.invokeTestMethods(TestInvoker.java:203)
at org.testng.internal.invokers.TestMethodWorker.invokeTestMethods(TestMethodWorker.java:154)
at org.testng.internal.invokers.TestMethodWorker.run(TestMethodWorker.java:134)
at java.base/java.util.ArrayList.forEach(ArrayList.java:1596)
at org.testng.TestRunner.privateRun(TestRunner.java:741)
at org.testng.TestRunner.run(TestRunner.java:616)
at org.testng.SuiteRunner.runTest(SuiteRunner.java:421)
at org.testng.SuiteRunner.runSequentially(SuiteRunner.java:413)
at org.testng.SuiteRunner.privateRun(SuiteRunner.java:373)
at org.testng.SuiteRunner.run(SuiteRunner.java:312)
at org.testng.SuiteRunnerWorker.runSuite(SuiteRunnerWorker.java:52)
at org.testng.SuiteRunnerWorker.run(SuiteRunnerWorker.java:95)
at org.testng.TestNG.runSuitesSequentially(TestNG.java:1274)
at org.testng.TestNG.runSuitesLocally(TestNG.java:1208)
at org.testng.TestNG.runSuites(TestNG.java:1112)
at org.testng.TestNG.run(TestNG.java:1079)
at org.testng.remote.AbstractRemoteTestNG.run(AbstractRemoteTestNG.java:115)
at org.testng.remote.RemoteTestNG.initAndRun(RemoteTestNG.java:293)
at org.testng.remote.RemoteTestNG.main(RemoteTestNG.java:91)
]]>
            </full-stacktrace>
          </exception> <!-- java.lang.AssertionError -->
          <reporter-output>
          </reporter-output>
        </test-method> <!-- completeJourney -->
        <test-method is-config="true" signature="tearDown()[pri:0, instance:tests.AlisonUserJourneyTest@1573f9fc]" started-at="2026-07-23T14:27:03 IST" name="tearDown" finished-at="2026-07-23T14:27:12 IST" duration-ms="8074" status="PASS">
          <reporter-output>
          </reporter-output>
        </test-method> <!-- tearDown -->
      </class> <!-- tests.AlisonUserJourneyTest -->
    </test> <!-- AlisonUserJourney -->
  </suite> <!-- AlisonAutomationSuite -->
</testng-results>
