<?xml version="1.0" encoding="UTF-8"?>
<!-- Generated by org.testng.reporters.JUnitReportReporter -->
<testsuite hostname="LTIN707634" failures="0" tests="3" name="tests.AlisonUserJourneyTest" time="242.281" errors="0" timestamp="2026-07-28T17:49:52 IST" skipped="0">
  <testcase classname="tests.AlisonUserJourneyTest" name="completeJourney" time="84.172"/>
  <testcase classname="tests.AlisonUserJourneyTest" name="completeJourney" time="79.129"/>
  <testcase classname="tests.AlisonUserJourneyTest" name="completeJourney" time="78.980"/>
</testsuite> <!-- tests.AlisonUserJourneyTest -->
