<?xml version="1.0" encoding="UTF-8"?>
<!-- Generated by org.testng.reporters.JUnitReportReporter -->
<testsuite hostname="LTIN707634" failures="0" tests="3" name="tests.CategoryExtractionTest" time="104.064" errors="0" timestamp="2026-07-22T12:13:11 IST" skipped="0">
  <testcase classname="tests.CategoryExtractionTest" name="extractCategoryCatalog" time="35.329"/>
  <testcase classname="tests.CategoryExtractionTest" name="extractCategoryCatalog" time="33.287"/>
  <testcase classname="tests.CategoryExtractionTest" name="extractCategoryCatalog" time="35.448"/>
</testsuite> <!-- tests.CategoryExtractionTest -->
